IQ-TREE multicore version 2.3.6 for Linux x86 64-bit built Dec 11 2024
Developed by Bui Quang Minh, Nguyen Lam Tung, Olga Chernomor, Heiko Schmidt,
Dominik Schrempf, Michael Woodhams, Ly Trong Nhan, Thomas Wong

Host:    ip-172-31-7-140 (AVX2, FMA3, 31 GB RAM)
Command: iqtree2 --threads-max 8 -s results/h5n1-franklin-county-outbreak/genome/aligned_with_franklin-delim.fasta -m GTR --ninit 2 -n 2 --epsilon 0.05 -T AUTO --redo
Seed:    273069 (Using SPRNG - Scalable Parallel Random Number Generator)
Time:    Sat Feb  1 00:12:09 2025
Kernel:  AVX+FMA - auto-detect threads (8 CPU cores detected)

Reading alignment file results/h5n1-franklin-county-outbreak/genome/aligned_with_franklin-delim.fasta ... Fasta format detected
Reading fasta file: done in 0.00381647 secs using 96.79% CPU
Alignment most likely contains DNA/RNA sequences
WARNING: 71 sites contain only gaps or ambiguous characters.
Alignment has 23 sequences with 13590 columns, 156 distinct patterns
81 parsimony-informative, 1031 singleton sites, 12478 constant sites
                                                                                                                                                        Gap/Ambiguity  Composition  p-value
Analyzing sequences: done in 1.871e-05 secs using 90.86% CPU
   1  A_DELIM-LYGUCRJZYFDPPBWOABSW_Louisiana_DELIM-LYGUCRJZYFDPPBWOABSW_12_DELIM-LYGUCRJZYFDPPBWOABSW_2024                                                      1.19%    passed     94.30%
   2  A_DELIM-LYGUCRJZYFDPPBWOABSW_Washington_DELIM-LYGUCRJZYFDPPBWOABSW_254_DELIM-LYGUCRJZYFDPPBWOABSW_2024-egg                                                1.17%    passed     96.93%
   3  A_DELIM-LYGUCRJZYFDPPBWOABSW_chicken_DELIM-LYGUCRJZYFDPPBWOABSW_Washington_DELIM-LYGUCRJZYFDPPBWOABSW_24-030039-001_DELIM-LYGUCRJZYFDPPBWOABSW_2024       3.34%    passed     99.48%
   4  A_DELIM-LYGUCRJZYFDPPBWOABSW_chicken_DELIM-LYGUCRJZYFDPPBWOABSW_Washington_DELIM-LYGUCRJZYFDPPBWOABSW_W242850087-2_DELIM-LYGUCRJZYFDPPBWOABSW_2024        3.34%    passed     99.43%
   5  A_DELIM-LYGUCRJZYFDPPBWOABSW_chicken_DELIM-LYGUCRJZYFDPPBWOABSW_Washington_DELIM-LYGUCRJZYFDPPBWOABSW_24-030039-002_DELIM-LYGUCRJZYFDPPBWOABSW_2024       3.34%    passed     99.43%
   6  A_DELIM-LYGUCRJZYFDPPBWOABSW_chicken_DELIM-LYGUCRJZYFDPPBWOABSW_Washington_DELIM-LYGUCRJZYFDPPBWOABSW_W242850087-1_DELIM-LYGUCRJZYFDPPBWOABSW_2024        3.34%    passed     99.38%
   7  A_DELIM-LYGUCRJZYFDPPBWOABSW_Washington_DELIM-LYGUCRJZYFDPPBWOABSW_255_DELIM-LYGUCRJZYFDPPBWOABSW_2024                                                    1.18%    passed     97.46%
   8  A_DELIM-LYGUCRJZYFDPPBWOABSW_Canada_Goose_DELIM-LYGUCRJZYFDPPBWOABSW_BC_DELIM-LYGUCRJZYFDPPBWOABSW_AIVPHL-2524_DELIM-LYGUCRJZYFDPPBWOABSW_2024            1.03%    passed     98.88%
   9  A_DELIM-LYGUCRJZYFDPPBWOABSW_Canada_Goose_DELIM-LYGUCRJZYFDPPBWOABSW_BC_DELIM-LYGUCRJZYFDPPBWOABSW_AIVPHL-2530_DELIM-LYGUCRJZYFDPPBWOABSW_2024            1.01%    passed     97.89%
  10  A_DELIM-LYGUCRJZYFDPPBWOABSW_Red_Tailed_Hawk_DELIM-LYGUCRJZYFDPPBWOABSW_BC_DELIM-LYGUCRJZYFDPPBWOABSW_AIVPHL-2513_DELIM-LYGUCRJZYFDPPBWOABSW_2024         1.08%    passed     99.20%
  11  A_DELIM-LYGUCRJZYFDPPBWOABSW_guineafowl_DELIM-LYGUCRJZYFDPPBWOABSW_Washington_DELIM-LYGUCRJZYFDPPBWOABSW_24-030328-002_DELIM-LYGUCRJZYFDPPBWOABSW_2024    3.34%    passed     99.88%
  12  A_DELIM-LYGUCRJZYFDPPBWOABSW_guineafowl_DELIM-LYGUCRJZYFDPPBWOABSW_Washington_DELIM-LYGUCRJZYFDPPBWOABSW_24-030328-001_DELIM-LYGUCRJZYFDPPBWOABSW_2024    3.34%    passed     99.88%
  13  A_DELIM-LYGUCRJZYFDPPBWOABSW_chicken_DELIM-LYGUCRJZYFDPPBWOABSW_Oregon_DELIM-LYGUCRJZYFDPPBWOABSW_24-030904-002_DELIM-LYGUCRJZYFDPPBWOABSW_2024           3.34%    passed     99.14%
  14  A_DELIM-LYGUCRJZYFDPPBWOABSW_chicken_DELIM-LYGUCRJZYFDPPBWOABSW_Oregon_DELIM-LYGUCRJZYFDPPBWOABSW_24-030904-001_DELIM-LYGUCRJZYFDPPBWOABSW_2024           3.34%    passed     99.14%
  15  A_DELIM-LYGUCRJZYFDPPBWOABSW_Canada_Goose_DELIM-LYGUCRJZYFDPPBWOABSW_BC_DELIM-LYGUCRJZYFDPPBWOABSW_AIVPHL-2531_DELIM-LYGUCRJZYFDPPBWOABSW_2024            0.99%    passed     97.49%
  16  A_DELIM-LYGUCRJZYFDPPBWOABSW_chicken_DELIM-LYGUCRJZYFDPPBWOABSW_Washington_DELIM-LYGUCRJZYFDPPBWOABSW_24-031352-001_DELIM-LYGUCRJZYFDPPBWOABSW_2024       3.34%    passed     99.91%
  17  A_DELIM-LYGUCRJZYFDPPBWOABSW_chicken_DELIM-LYGUCRJZYFDPPBWOABSW_Washington_DELIM-LYGUCRJZYFDPPBWOABSW_24-031352-002_DELIM-LYGUCRJZYFDPPBWOABSW_2024       3.34%    passed     99.81%
  18  A_DELIM-LYGUCRJZYFDPPBWOABSW_chicken_DELIM-LYGUCRJZYFDPPBWOABSW_Washington_DELIM-LYGUCRJZYFDPPBWOABSW_24-031352-003_DELIM-LYGUCRJZYFDPPBWOABSW_2024       3.34%    passed     99.81%
  19  W250220054-7_2025                                                                                                                                         3.34%    passed     99.63%
  20  W250220054-6_2025                                                                                                                                         3.34%    passed     99.48%
  21  W250220054-1_2025                                                                                                                                         3.34%    passed     99.48%
  22  A_DELIM-LYGUCRJZYFDPPBWOABSW_Washington_DELIM-LYGUCRJZYFDPPBWOABSW_UW32495_DELIM-LYGUCRJZYFDPPBWOABSW_2024                                                1.48%    passed     97.45%
  23  A_DELIM-LYGUCRJZYFDPPBWOABSW_chicken_DELIM-LYGUCRJZYFDPPBWOABSW_Iwate_DELIM-LYGUCRJZYFDPPBWOABSW_22A5T_DELIM-LYGUCRJZYFDPPBWOABSW_2023                    0.87%    passed     91.39%
****  TOTAL                                                                                                                                                     2.47%  0 sequences failed composition chi2 test (p-value<5%; df=3)
NOTE: A_DELIM-LYGUCRJZYFDPPBWOABSW_chicken_DELIM-LYGUCRJZYFDPPBWOABSW_Washington_DELIM-LYGUCRJZYFDPPBWOABSW_24-030039-002_DELIM-LYGUCRJZYFDPPBWOABSW_2024 is identical to A_DELIM-LYGUCRJZYFDPPBWOABSW_chicken_DELIM-LYGUCRJZYFDPPBWOABSW_Washington_DELIM-LYGUCRJZYFDPPBWOABSW_W242850087-2_DELIM-LYGUCRJZYFDPPBWOABSW_2024 but kept for subsequent analysis
NOTE: A_DELIM-LYGUCRJZYFDPPBWOABSW_guineafowl_DELIM-LYGUCRJZYFDPPBWOABSW_Washington_DELIM-LYGUCRJZYFDPPBWOABSW_24-030328-001_DELIM-LYGUCRJZYFDPPBWOABSW_2024 is identical to A_DELIM-LYGUCRJZYFDPPBWOABSW_guineafowl_DELIM-LYGUCRJZYFDPPBWOABSW_Washington_DELIM-LYGUCRJZYFDPPBWOABSW_24-030328-002_DELIM-LYGUCRJZYFDPPBWOABSW_2024 but kept for subsequent analysis
NOTE: A_DELIM-LYGUCRJZYFDPPBWOABSW_chicken_DELIM-LYGUCRJZYFDPPBWOABSW_Oregon_DELIM-LYGUCRJZYFDPPBWOABSW_24-030904-001_DELIM-LYGUCRJZYFDPPBWOABSW_2024 is identical to A_DELIM-LYGUCRJZYFDPPBWOABSW_chicken_DELIM-LYGUCRJZYFDPPBWOABSW_Oregon_DELIM-LYGUCRJZYFDPPBWOABSW_24-030904-002_DELIM-LYGUCRJZYFDPPBWOABSW_2024 but kept for subsequent analysis
NOTE: A_DELIM-LYGUCRJZYFDPPBWOABSW_chicken_DELIM-LYGUCRJZYFDPPBWOABSW_Washington_DELIM-LYGUCRJZYFDPPBWOABSW_24-031352-003_DELIM-LYGUCRJZYFDPPBWOABSW_2024 is identical to A_DELIM-LYGUCRJZYFDPPBWOABSW_chicken_DELIM-LYGUCRJZYFDPPBWOABSW_Washington_DELIM-LYGUCRJZYFDPPBWOABSW_24-031352-002_DELIM-LYGUCRJZYFDPPBWOABSW_2024 but kept for subsequent analysis
NOTE: W250220054-1_2025 is identical to W250220054-6_2025 but kept for subsequent analysis

Create initial parsimony tree by phylogenetic likelihood library (PLL)... 0.001 seconds

NOTE: 0 MB RAM (0 GB) is required!
Measuring multi-threading efficiency up to 8 CPU cores
Increase to 10 rounds for branch lengths
4321 trees examined
Threads: 1 / Time: 8.001 sec / Speedup: 1.000 / Efficiency: 100% / LogL: -25733
Threads: 2 / Time: 10.034 sec / Speedup: 0.797 / Efficiency: 40% / LogL: -25733
BEST NUMBER OF THREADS: 1

Estimate model parameters (epsilon = 0.500)
1. Initial log-likelihood: -24391.256
2. Current log-likelihood: -23834.679
Optimal log-likelihood: -23834.533
Rate parameters:  A-C: 1.93056  A-G: 9.61494  A-T: 1.57529  C-G: 0.56250  C-T: 14.49553  G-T: 1.00000
Base frequencies:  A: 0.327  C: 0.199  G: 0.247  T: 0.227
Parameters optimization took 2 rounds (0.011 sec)
Wrote distance file to... 
Computing ML distances based on estimated model parameters...
Calculating distance matrix: done in 0.000840813 secs using 97.29% CPU
Computing ML distances took 0.000884 sec (of wall-clock time) 0.000873 sec (of CPU time)
Setting up auxiliary I and S matrices: done in 5.964e-05 secs using 98.93% CPU
Computing RapidNJ tree took 0.000239 sec (of wall-clock time) 0.000238 sec (of CPU time)
Log-likelihood of RapidNJ tree: -23878.405
--------------------------------------------------------------------
|             INITIALIZING CANDIDATE TREE SET                      |
--------------------------------------------------------------------

Do NNI search on 2 best initial trees
Estimate model parameters (epsilon = 0.500)
BETTER TREE FOUND at iteration 1: -23828.796
Finish initializing candidate tree set (4)
Current best tree score: -23828.796 / CPU time: 0.019
Number of iterations: 2
TREE SEARCH COMPLETED AFTER 2 ITERATIONS / Time: 0h:0m:18s

--------------------------------------------------------------------
|                    FINALIZING TREE SEARCH                        |
--------------------------------------------------------------------
Performs final model parameters optimization
Estimate model parameters (epsilon = 0.050)
1. Initial log-likelihood: -23828.796
Optimal log-likelihood: -23828.795
Rate parameters:  A-C: 1.92600  A-G: 9.59974  A-T: 1.57276  C-G: 0.56037  C-T: 14.51717  G-T: 1.00000
Base frequencies:  A: 0.327  C: 0.199  G: 0.247  T: 0.227
Parameters optimization took 1 rounds (0.002 sec)
BEST SCORE FOUND : -23828.795
Total tree length: 0.089

Total number of iterations: 2
CPU time used for tree search: 0.018 sec (0h:0m:0s)
Wall-clock time used for tree search: 0.020 sec (0h:0m:0s)
Total CPU time used: 26.956 sec (0h:0m:26s)
Total wall-clock time used: 18.083 sec (0h:0m:18s)

Analysis results written to: 
  IQ-TREE report:                results/h5n1-franklin-county-outbreak/genome/aligned_with_franklin-delim.fasta.iqtree
  Maximum-likelihood tree:       results/h5n1-franklin-county-outbreak/genome/aligned_with_franklin-delim.fasta.treefile
  Likelihood distances:          results/h5n1-franklin-county-outbreak/genome/aligned_with_franklin-delim.fasta.mldist
  Screen log file:               results/h5n1-franklin-county-outbreak/genome/aligned_with_franklin-delim.fasta.log

Date and Time: Sat Feb  1 00:12:27 2025
