IQ-TREE multicore version 2.4.0 for Linux x86 64-bit built Feb 12 2025
Developed by Bui Quang Minh, Nguyen Lam Tung, Olga Chernomor, Heiko Schmidt,
Dominik Schrempf, Michael Woodhams, Ly Trong Nhan, Thomas Wong

Host:    DOHLTTUM2107624 (AVX512, FMA3, 15 GB RAM)
Command: iqtree2 --threads-max 8 -s results/h5n1-franklin-county-outbreak/genome/aligned_with_franklin-delim.fasta -m GTR --ninit 2 -n 2 --epsilon 0.05 -T AUTO --redo
Seed:    948631 (Using SPRNG - Scalable Parallel Random Number Generator)
Time:    Fri Mar  7 08:33:57 2025
Kernel:  AVX+FMA - auto-detect threads (8 CPU cores detected)

Reading alignment file results/h5n1-franklin-county-outbreak/genome/aligned_with_franklin-delim.fasta ... Fasta format detected
Reading fasta file: done in 0.0101339 secs using 18.27% CPU
Alignment most likely contains DNA/RNA sequences
WARNING: 71 sites contain only gaps or ambiguous characters.
Alignment has 23 sequences with 13590 columns, 156 distinct patterns
81 parsimony-informative, 1031 singleton sites, 12478 constant sites
                                                                                        Gap/Ambiguity  Composition  p-value
Analyzing sequences: done in 0.00612032 secs using 1009% CPU
   1  A_DELIM-0x2f_Louisiana_DELIM-0x2f_12_DELIM-0x2f_2024                                      1.19%    passed     94.30%
   2  A_DELIM-0x2f_Washington_DELIM-0x2f_254_DELIM-0x2f_2024-egg                                1.17%    passed     96.93%
   3  A_DELIM-0x2f_chicken_DELIM-0x2f_Washington_DELIM-0x2f_24-030039-001_DELIM-0x2f_2024       3.34%    passed     99.48%
   4  A_DELIM-0x2f_chicken_DELIM-0x2f_Washington_DELIM-0x2f_W242850087-2_DELIM-0x2f_2024        3.34%    passed     99.43%
   5  A_DELIM-0x2f_chicken_DELIM-0x2f_Washington_DELIM-0x2f_24-030039-002_DELIM-0x2f_2024       3.34%    passed     99.43%
   6  A_DELIM-0x2f_chicken_DELIM-0x2f_Washington_DELIM-0x2f_W242850087-1_DELIM-0x2f_2024        3.34%    passed     99.38%
   7  A_DELIM-0x2f_Washington_DELIM-0x2f_255_DELIM-0x2f_2024                                    1.18%    passed     97.46%
   8  A_DELIM-0x2f_Canada_Goose_DELIM-0x2f_BC_DELIM-0x2f_AIVPHL-2524_DELIM-0x2f_2024            1.03%    passed     98.88%
   9  A_DELIM-0x2f_Canada_Goose_DELIM-0x2f_BC_DELIM-0x2f_AIVPHL-2530_DELIM-0x2f_2024            1.01%    passed     97.89%
  10  A_DELIM-0x2f_Red_Tailed_Hawk_DELIM-0x2f_BC_DELIM-0x2f_AIVPHL-2513_DELIM-0x2f_2024         1.08%    passed     99.20%
  11  A_DELIM-0x2f_guineafowl_DELIM-0x2f_Washington_DELIM-0x2f_24-030328-002_DELIM-0x2f_2024    3.34%    passed     99.88%
  12  A_DELIM-0x2f_guineafowl_DELIM-0x2f_Washington_DELIM-0x2f_24-030328-001_DELIM-0x2f_2024    3.34%    passed     99.88%
  13  A_DELIM-0x2f_chicken_DELIM-0x2f_Oregon_DELIM-0x2f_24-030904-002_DELIM-0x2f_2024           3.34%    passed     99.14%
  14  A_DELIM-0x2f_chicken_DELIM-0x2f_Oregon_DELIM-0x2f_24-030904-001_DELIM-0x2f_2024           3.34%    passed     99.14%
  15  A_DELIM-0x2f_Canada_Goose_DELIM-0x2f_BC_DELIM-0x2f_AIVPHL-2531_DELIM-0x2f_2024            0.99%    passed     97.49%
  16  A_DELIM-0x2f_chicken_DELIM-0x2f_Washington_DELIM-0x2f_24-031352-001_DELIM-0x2f_2024       3.34%    passed     99.91%
  17  A_DELIM-0x2f_chicken_DELIM-0x2f_Washington_DELIM-0x2f_24-031352-002_DELIM-0x2f_2024       3.34%    passed     99.81%
  18  A_DELIM-0x2f_chicken_DELIM-0x2f_Washington_DELIM-0x2f_24-031352-003_DELIM-0x2f_2024       3.34%    passed     99.81%
  19  W250220054-7_2025                                                                         3.34%    passed     99.63%
  20  W250220054-6_2025                                                                         3.34%    passed     99.48%
  21  W250220054-1_2025                                                                         3.34%    passed     99.48%
  22  A_DELIM-0x2f_Washington_DELIM-0x2f_UW32495_DELIM-0x2f_2024                                1.48%    passed     97.45%
  23  A_DELIM-0x2f_chicken_DELIM-0x2f_Iwate_DELIM-0x2f_22A5T_DELIM-0x2f_2023                    0.87%    passed     91.39%
****  TOTAL                                                                                     2.47%  0 sequences failed composition chi2 test (p-value<5%; df=3)
NOTE: A_DELIM-0x2f_chicken_DELIM-0x2f_Washington_DELIM-0x2f_24-030039-002_DELIM-0x2f_2024 is identical to A_DELIM-0x2f_chicken_DELIM-0x2f_Washington_DELIM-0x2f_W242850087-2_DELIM-0x2f_2024 but kept for subsequent analysis
NOTE: A_DELIM-0x2f_guineafowl_DELIM-0x2f_Washington_DELIM-0x2f_24-030328-001_DELIM-0x2f_2024 is identical to A_DELIM-0x2f_guineafowl_DELIM-0x2f_Washington_DELIM-0x2f_24-030328-002_DELIM-0x2f_2024 but kept for subsequent analysis
NOTE: A_DELIM-0x2f_chicken_DELIM-0x2f_Oregon_DELIM-0x2f_24-030904-001_DELIM-0x2f_2024 is identical to A_DELIM-0x2f_chicken_DELIM-0x2f_Oregon_DELIM-0x2f_24-030904-002_DELIM-0x2f_2024 but kept for subsequent analysis
NOTE: A_DELIM-0x2f_chicken_DELIM-0x2f_Washington_DELIM-0x2f_24-031352-003_DELIM-0x2f_2024 is identical to A_DELIM-0x2f_chicken_DELIM-0x2f_Washington_DELIM-0x2f_24-031352-002_DELIM-0x2f_2024 but kept for subsequent analysis
NOTE: W250220054-1_2025 is identical to W250220054-6_2025 but kept for subsequent analysis

Create initial parsimony tree by phylogenetic likelihood library (PLL)... 0.003 seconds

NOTE: 0 MB RAM (0 GB) is required!
Measuring multi-threading efficiency up to 8 CPU cores
Increase to 10 rounds for branch lengths
7659 trees examined
Threads: 1 / Time: 8.000 sec / Speedup: 1.000 / Efficiency: 100% / LogL: -25621
Threads: 2 / Time: 7.354 sec / Speedup: 1.088 / Efficiency: 54% / LogL: -25621
Threads: 3 / Time: 9.184 sec / Speedup: 0.871 / Efficiency: 29% / LogL: -25621
BEST NUMBER OF THREADS: 2

Estimate model parameters (epsilon = 0.500)
1. Initial log-likelihood: -24388.305
2. Current log-likelihood: -23834.658
Optimal log-likelihood: -23834.510
Rate parameters:  A-C: 1.93055  A-G: 9.61491  A-T: 1.57529  C-G: 0.56250  C-T: 14.49542  G-T: 1.00000
Base frequencies:  A: 0.327  C: 0.199  G: 0.247  T: 0.227
Parameters optimization took 2 rounds (0.012 sec)
Wrote distance file to... 
Computing ML distances based on estimated model parameters...
Calculating distance matrix: done in 0.000479062 secs using 282% CPU
Computing ML distances took 0.001408 sec (of wall-clock time) 0.001458 sec (of CPU time)
Setting up auxiliary I and S matrices: done in 0.00024998 secs using 122.8% CPU
Computing RapidNJ tree took 0.004685 sec (of wall-clock time) 0.001708 sec (of CPU time)
Log-likelihood of RapidNJ tree: -23878.405
--------------------------------------------------------------------
|             INITIALIZING CANDIDATE TREE SET                      |
--------------------------------------------------------------------

Do NNI search on 2 best initial trees
Estimate model parameters (epsilon = 0.500)
BETTER TREE FOUND at iteration 1: -23830.175
Estimate model parameters (epsilon = 0.500)
BETTER TREE FOUND at iteration 2: -23828.909
Finish initializing candidate tree set (4)
Current best tree score: -23828.909 / CPU time: 0.027
Number of iterations: 2
TREE SEARCH COMPLETED AFTER 2 ITERATIONS / Time: 0h:0m:24s

--------------------------------------------------------------------
|                    FINALIZING TREE SEARCH                        |
--------------------------------------------------------------------
Performs final model parameters optimization
Estimate model parameters (epsilon = 0.050)
1. Initial log-likelihood: -23828.909
Optimal log-likelihood: -23828.908
Rate parameters:  A-C: 1.89863  A-G: 9.60358  A-T: 1.57490  C-G: 0.56480  C-T: 14.51575  G-T: 1.00000
Base frequencies:  A: 0.327  C: 0.199  G: 0.247  T: 0.227
Parameters optimization took 1 rounds (0.003 sec)
BEST SCORE FOUND : -23828.908
Total tree length: 0.089

Total number of iterations: 2
CPU time used for tree search: 0.057 sec (0h:0m:0s)
Wall-clock time used for tree search: 0.030 sec (0h:0m:0s)
Total CPU time used: 48.905 sec (0h:0m:48s)
Total wall-clock time used: 24.700 sec (0h:0m:24s)

Analysis results written to: 
  IQ-TREE report:                results/h5n1-franklin-county-outbreak/genome/aligned_with_franklin-delim.fasta.iqtree
  Maximum-likelihood tree:       results/h5n1-franklin-county-outbreak/genome/aligned_with_franklin-delim.fasta.treefile
  Likelihood distances:          results/h5n1-franklin-county-outbreak/genome/aligned_with_franklin-delim.fasta.mldist
  Screen log file:               results/h5n1-franklin-county-outbreak/genome/aligned_with_franklin-delim.fasta.log

Date and Time: Fri Mar  7 08:34:22 2025
