IQ-TREE multicore version 2.3.6 for Linux x86 64-bit built Dec 11 2024
Developed by Bui Quang Minh, Nguyen Lam Tung, Olga Chernomor, Heiko Schmidt,
Dominik Schrempf, Michael Woodhams, Ly Trong Nhan, Thomas Wong

Host:    ip-172-31-7-140 (AVX2, FMA3, 31 GB RAM)
Command: iqtree2 --threads-max 8 -s results/h5n1-franklin-county-outbreak/genome/aligned-delim.fasta -m GTR --ninit 2 -n 2 --epsilon 0.05 -T AUTO --redo
Seed:    130314 (Using SPRNG - Scalable Parallel Random Number Generator)
Time:    Fri Jan 31 22:22:24 2025
Kernel:  AVX+FMA - auto-detect threads (8 CPU cores detected)

Reading alignment file results/h5n1-franklin-county-outbreak/genome/aligned-delim.fasta ... Fasta format detected
Reading fasta file: done in 0.00512766 secs using 83.9% CPU
Alignment most likely contains DNA/RNA sequences
WARNING: 71 sites contain only gaps or ambiguous characters.
Alignment has 26 sequences with 13590 columns, 241 distinct patterns
82 parsimony-informative, 1036 singleton sites, 12472 constant sites
                                                                                                                                                        Gap/Ambiguity  Composition  p-value
Analyzing sequences: done in 1.7106e-05 secs using 93.53% CPU
   1  A_DELIM-QUFARHKJPNLLBQVLUIAX_chicken_DELIM-QUFARHKJPNLLBQVLUIAX_Iwate_DELIM-QUFARHKJPNLLBQVLUIAX_22A5T_DELIM-QUFARHKJPNLLBQVLUIAX_2023                    0.87%    passed     95.00%
   2  A_DELIM-QUFARHKJPNLLBQVLUIAX_Cackling_Goose_DELIM-QUFARHKJPNLLBQVLUIAX_BC_DELIM-QUFARHKJPNLLBQVLUIAX_AIVPHL-2534_DELIM-QUFARHKJPNLLBQVLUIAX_2024          7.32%    passed     99.13%
   3  A_DELIM-QUFARHKJPNLLBQVLUIAX_Canada_Goose_DELIM-QUFARHKJPNLLBQVLUIAX_BC_DELIM-QUFARHKJPNLLBQVLUIAX_AIVPHL-2531_DELIM-QUFARHKJPNLLBQVLUIAX_2024            0.99%    passed     97.18%
   4  A_DELIM-QUFARHKJPNLLBQVLUIAX_Canada_Goose_DELIM-QUFARHKJPNLLBQVLUIAX_BC_DELIM-QUFARHKJPNLLBQVLUIAX_AIVPHL-2524_DELIM-QUFARHKJPNLLBQVLUIAX_2024            1.03%    passed     99.11%
   5  A_DELIM-QUFARHKJPNLLBQVLUIAX_Canada_Goose_DELIM-QUFARHKJPNLLBQVLUIAX_BC_DELIM-QUFARHKJPNLLBQVLUIAX_AIVPHL-2530_DELIM-QUFARHKJPNLLBQVLUIAX_2024            1.01%    passed     98.56%
   6  A_DELIM-QUFARHKJPNLLBQVLUIAX_Red_Tailed_Hawk_DELIM-QUFARHKJPNLLBQVLUIAX_BC_DELIM-QUFARHKJPNLLBQVLUIAX_AIVPHL-2513_DELIM-QUFARHKJPNLLBQVLUIAX_2024         1.08%    passed     99.82%
   7  A_DELIM-QUFARHKJPNLLBQVLUIAX_Louisiana_DELIM-QUFARHKJPNLLBQVLUIAX_12_DELIM-QUFARHKJPNLLBQVLUIAX_2024                                                      1.19%    passed     96.71%
   8  A_DELIM-QUFARHKJPNLLBQVLUIAX_Washington_DELIM-QUFARHKJPNLLBQVLUIAX_254_DELIM-QUFARHKJPNLLBQVLUIAX_2024-egg                                                1.17%    passed     98.40%
   9  A_DELIM-QUFARHKJPNLLBQVLUIAX_Washington_DELIM-QUFARHKJPNLLBQVLUIAX_255_DELIM-QUFARHKJPNLLBQVLUIAX_2024                                                    1.18%    passed     98.60%
  10  A_DELIM-QUFARHKJPNLLBQVLUIAX_Washington_DELIM-QUFARHKJPNLLBQVLUIAX_UW32495_DELIM-QUFARHKJPNLLBQVLUIAX_2024                                                1.48%    passed     99.45%
  11  A_DELIM-QUFARHKJPNLLBQVLUIAX_chicken_DELIM-QUFARHKJPNLLBQVLUIAX_Oregon_DELIM-QUFARHKJPNLLBQVLUIAX_24-030904-001_DELIM-QUFARHKJPNLLBQVLUIAX_2024           3.34%    passed     93.95%
  12  A_DELIM-QUFARHKJPNLLBQVLUIAX_chicken_DELIM-QUFARHKJPNLLBQVLUIAX_Oregon_DELIM-QUFARHKJPNLLBQVLUIAX_24-030904-002_DELIM-QUFARHKJPNLLBQVLUIAX_2024           3.34%    passed     93.95%
  13  A_DELIM-QUFARHKJPNLLBQVLUIAX_chicken_DELIM-QUFARHKJPNLLBQVLUIAX_Washington_DELIM-QUFARHKJPNLLBQVLUIAX_24-030039-001_DELIM-QUFARHKJPNLLBQVLUIAX_2024       3.34%    passed     95.73%
  14  A_DELIM-QUFARHKJPNLLBQVLUIAX_chicken_DELIM-QUFARHKJPNLLBQVLUIAX_Washington_DELIM-QUFARHKJPNLLBQVLUIAX_24-030039-002_DELIM-QUFARHKJPNLLBQVLUIAX_2024       3.34%    passed     95.68%
  15  A_DELIM-QUFARHKJPNLLBQVLUIAX_chicken_DELIM-QUFARHKJPNLLBQVLUIAX_Washington_DELIM-QUFARHKJPNLLBQVLUIAX_W242850087-1_DELIM-QUFARHKJPNLLBQVLUIAX_2024        3.34%    passed     95.26%
  16  A_DELIM-QUFARHKJPNLLBQVLUIAX_chicken_DELIM-QUFARHKJPNLLBQVLUIAX_Washington_DELIM-QUFARHKJPNLLBQVLUIAX_W242850087-2_DELIM-QUFARHKJPNLLBQVLUIAX_2024        3.34%    passed     95.68%
  17  A_DELIM-QUFARHKJPNLLBQVLUIAX_chicken_DELIM-QUFARHKJPNLLBQVLUIAX_Washington_DELIM-QUFARHKJPNLLBQVLUIAX_24-031352-001_DELIM-QUFARHKJPNLLBQVLUIAX_2024       3.34%    passed     97.99%
  18  A_DELIM-QUFARHKJPNLLBQVLUIAX_chicken_DELIM-QUFARHKJPNLLBQVLUIAX_Washington_DELIM-QUFARHKJPNLLBQVLUIAX_24-031352-002_DELIM-QUFARHKJPNLLBQVLUIAX_2024       3.34%    passed     96.97%
  19  A_DELIM-QUFARHKJPNLLBQVLUIAX_chicken_DELIM-QUFARHKJPNLLBQVLUIAX_Washington_DELIM-QUFARHKJPNLLBQVLUIAX_24-031352-003_DELIM-QUFARHKJPNLLBQVLUIAX_2024       3.34%    passed     96.97%
  20  A_DELIM-QUFARHKJPNLLBQVLUIAX_guineafowl_DELIM-QUFARHKJPNLLBQVLUIAX_Washington_DELIM-QUFARHKJPNLLBQVLUIAX_24-030328-001_DELIM-QUFARHKJPNLLBQVLUIAX_2024    3.34%    passed     97.06%
  21  A_DELIM-QUFARHKJPNLLBQVLUIAX_guineafowl_DELIM-QUFARHKJPNLLBQVLUIAX_Washington_DELIM-QUFARHKJPNLLBQVLUIAX_24-030328-002_DELIM-QUFARHKJPNLLBQVLUIAX_2024    3.34%    passed     97.06%
  22  A_DELIM-QUFARHKJPNLLBQVLUIAX_Washington_DELIM-QUFARHKJPNLLBQVLUIAX_239_DELIM-QUFARHKJPNLLBQVLUIAX_2024                                                   63.16%    passed      5.61%
  23  A_DELIM-QUFARHKJPNLLBQVLUIAX_Washington_DELIM-QUFARHKJPNLLBQVLUIAX_247_DELIM-QUFARHKJPNLLBQVLUIAX_2024                                                   87.25%    passed     30.07%
  24  A_DELIM-QUFARHKJPNLLBQVLUIAX_Washington_DELIM-QUFARHKJPNLLBQVLUIAX_251_DELIM-QUFARHKJPNLLBQVLUIAX_2024                                                   63.15%    passed      9.27%
  25  A_DELIM-QUFARHKJPNLLBQVLUIAX_Washington_DELIM-QUFARHKJPNLLBQVLUIAX_252_DELIM-QUFARHKJPNLLBQVLUIAX_2024                                                   77.09%    failed      2.03%
  26  A_DELIM-QUFARHKJPNLLBQVLUIAX_Washington_DELIM-QUFARHKJPNLLBQVLUIAX_253_DELIM-QUFARHKJPNLLBQVLUIAX_2024                                                   76.98%    failed      1.83%
WARNING: 5 sequences contain more than 50% gaps/ambiguity
****  TOTAL                                                                                                                                                    16.22%  2 sequences failed composition chi2 test (p-value<5%; df=3)
NOTE: A_DELIM-QUFARHKJPNLLBQVLUIAX_chicken_DELIM-QUFARHKJPNLLBQVLUIAX_Oregon_DELIM-QUFARHKJPNLLBQVLUIAX_24-030904-002_DELIM-QUFARHKJPNLLBQVLUIAX_2024 is identical to A_DELIM-QUFARHKJPNLLBQVLUIAX_chicken_DELIM-QUFARHKJPNLLBQVLUIAX_Oregon_DELIM-QUFARHKJPNLLBQVLUIAX_24-030904-001_DELIM-QUFARHKJPNLLBQVLUIAX_2024 but kept for subsequent analysis
NOTE: A_DELIM-QUFARHKJPNLLBQVLUIAX_chicken_DELIM-QUFARHKJPNLLBQVLUIAX_Washington_DELIM-QUFARHKJPNLLBQVLUIAX_W242850087-2_DELIM-QUFARHKJPNLLBQVLUIAX_2024 is identical to A_DELIM-QUFARHKJPNLLBQVLUIAX_chicken_DELIM-QUFARHKJPNLLBQVLUIAX_Washington_DELIM-QUFARHKJPNLLBQVLUIAX_24-030039-002_DELIM-QUFARHKJPNLLBQVLUIAX_2024 but kept for subsequent analysis
NOTE: A_DELIM-QUFARHKJPNLLBQVLUIAX_chicken_DELIM-QUFARHKJPNLLBQVLUIAX_Washington_DELIM-QUFARHKJPNLLBQVLUIAX_24-031352-003_DELIM-QUFARHKJPNLLBQVLUIAX_2024 is identical to A_DELIM-QUFARHKJPNLLBQVLUIAX_chicken_DELIM-QUFARHKJPNLLBQVLUIAX_Washington_DELIM-QUFARHKJPNLLBQVLUIAX_24-031352-002_DELIM-QUFARHKJPNLLBQVLUIAX_2024 but kept for subsequent analysis
NOTE: A_DELIM-QUFARHKJPNLLBQVLUIAX_guineafowl_DELIM-QUFARHKJPNLLBQVLUIAX_Washington_DELIM-QUFARHKJPNLLBQVLUIAX_24-030328-002_DELIM-QUFARHKJPNLLBQVLUIAX_2024 is identical to A_DELIM-QUFARHKJPNLLBQVLUIAX_guineafowl_DELIM-QUFARHKJPNLLBQVLUIAX_Washington_DELIM-QUFARHKJPNLLBQVLUIAX_24-030328-001_DELIM-QUFARHKJPNLLBQVLUIAX_2024 but kept for subsequent analysis

Create initial parsimony tree by phylogenetic likelihood library (PLL)... 0.006 seconds

NOTE: 0 MB RAM (0 GB) is required!
Measuring multi-threading efficiency up to 8 CPU cores
Increase to 10 rounds for branch lengths
2004 trees examined
Threads: 1 / Time: 8.002 sec / Speedup: 1.000 / Efficiency: 100% / LogL: -25924
Threads: 2 / Time: 9.532 sec / Speedup: 0.840 / Efficiency: 42% / LogL: -25924
BEST NUMBER OF THREADS: 1

Estimate model parameters (epsilon = 0.500)
1. Initial log-likelihood: -24527.771
2. Current log-likelihood: -23955.161
Optimal log-likelihood: -23954.967
Rate parameters:  A-C: 1.79902  A-G: 9.30982  A-T: 1.50080  C-G: 0.54307  C-T: 14.01162  G-T: 1.00000
Base frequencies:  A: 0.326  C: 0.198  G: 0.247  T: 0.229
Parameters optimization took 2 rounds (0.019 sec)
Wrote distance file to... 
Computing ML distances based on estimated model parameters...
Calculating distance matrix: done in 0.00213893 secs using 99.82% CPU
Computing ML distances took 0.002193 sec (of wall-clock time) 0.002192 sec (of CPU time)
Setting up auxiliary I and S matrices: done in 7.0236e-05 secs using 98.24% CPU
Computing RapidNJ tree took 0.000301 sec (of wall-clock time) 0.000301 sec (of CPU time)
Log-likelihood of RapidNJ tree: -24033.529
--------------------------------------------------------------------
|             INITIALIZING CANDIDATE TREE SET                      |
--------------------------------------------------------------------

Do NNI search on 2 best initial trees
BETTER TREE FOUND at iteration 1: -23954.960
Finish initializing candidate tree set (4)
Current best tree score: -23954.960 / CPU time: 0.016
Number of iterations: 2
TREE SEARCH COMPLETED AFTER 2 ITERATIONS / Time: 0h:0m:17s

--------------------------------------------------------------------
|                    FINALIZING TREE SEARCH                        |
--------------------------------------------------------------------
Performs final model parameters optimization
Estimate model parameters (epsilon = 0.050)
1. Initial log-likelihood: -23954.960
Optimal log-likelihood: -23954.955
Rate parameters:  A-C: 1.81598  A-G: 9.31053  A-T: 1.49915  C-G: 0.53389  C-T: 14.01335  G-T: 1.00000
Base frequencies:  A: 0.326  C: 0.198  G: 0.247  T: 0.229
Parameters optimization took 1 rounds (0.003 sec)
BEST SCORE FOUND : -23954.955
Total tree length: 0.093

Total number of iterations: 2
CPU time used for tree search: 0.016 sec (0h:0m:0s)
Wall-clock time used for tree search: 0.016 sec (0h:0m:0s)
Total CPU time used: 26.158 sec (0h:0m:26s)
Total wall-clock time used: 17.630 sec (0h:0m:17s)

Analysis results written to: 
  IQ-TREE report:                results/h5n1-franklin-county-outbreak/genome/aligned-delim.fasta.iqtree
  Maximum-likelihood tree:       results/h5n1-franklin-county-outbreak/genome/aligned-delim.fasta.treefile
  Likelihood distances:          results/h5n1-franklin-county-outbreak/genome/aligned-delim.fasta.mldist
  Screen log file:               results/h5n1-franklin-county-outbreak/genome/aligned-delim.fasta.log

Date and Time: Fri Jan 31 22:22:41 2025
