IQ-TREE multicore version 2.4.0 for Linux x86 64-bit built Feb 12 2025
Developed by Bui Quang Minh, Nguyen Lam Tung, Olga Chernomor, Heiko Schmidt,
Dominik Schrempf, Michael Woodhams, Ly Trong Nhan, Thomas Wong

Host:    DOHLTTUM2107624 (AVX512, FMA3, 15 GB RAM)
Command: iqtree2 --threads-max 8 -s results/h5n1-oregon-washington/genome/aligned-delim.fasta -m GTR --ninit 2 -n 2 --epsilon 0.05 -T AUTO --redo
Seed:    314522 (Using SPRNG - Scalable Parallel Random Number Generator)
Time:    Fri Mar  7 11:53:47 2025
Kernel:  AVX+FMA - auto-detect threads (8 CPU cores detected)

Reading alignment file results/h5n1-oregon-washington/genome/aligned-delim.fasta ... Fasta format detected
Reading fasta file: done in 0.00343571 secs using 35.39% CPU
Alignment most likely contains DNA/RNA sequences
WARNING: 12 sites contain only gaps or ambiguous characters.
Alignment has 31 sequences with 3218 columns, 108 distinct patterns
238 parsimony-informative, 22 singleton sites, 2958 constant sites
                                                                                         Gap/Ambiguity  Composition  p-value
Analyzing sequences: done in 4.3506e-05 secs using 85.05% CPU
   1  A_DELIM-0x2f_Guineafowl_DELIM-0x2f_WA_DELIM-0x2f_24-030328-001-original_DELIM-0x2f_2024    3.23%    passed     99.76%
   2  A_DELIM-0x2f_Guineafowl_DELIM-0x2f_WA_DELIM-0x2f_24-030328-002-original_DELIM-0x2f_2024    3.23%    passed     99.76%
   3  A_DELIM-0x2f_chicken_DELIM-0x2f_Washington_DELIM-0x2f_W242850087-1_DELIM-0x2f_2024         3.23%    passed     99.99%
   4  A_DELIM-0x2f_chicken_DELIM-0x2f_Washington_DELIM-0x2f_W242850087-2_DELIM-0x2f_2024         3.23%    passed     99.99%
   5  A_DELIM-0x2f_chicken_DELIM-0x2f_WA_DELIM-0x2f_24-030039-001_DELIM-0x2f_2024                3.23%    passed     99.99%
   6  A_DELIM-0x2f_chicken_DELIM-0x2f_WA_DELIM-0x2f_24-030039-002_DELIM-0x2f_2024                3.23%    passed     99.99%
   7  A_DELIM-0x2f_chicken_DELIM-0x2f_OR_DELIM-0x2f_24-030904-001-original_DELIM-0x2f_2024       3.23%    passed     99.48%
   8  A_DELIM-0x2f_chicken_DELIM-0x2f_OR_DELIM-0x2f_24-030904-002-original_DELIM-0x2f_2024       3.23%    passed     99.48%
   9  A_DELIM-0x2f_Duck_DELIM-0x2f_OR_DELIM-0x2f_24-031478-003-original_DELIM-0x2f_2024          3.23%    passed     99.87%
  10  A_DELIM-0x2f_Peafowl_DELIM-0x2f_OR_DELIM-0x2f_24-031478-001-original_DELIM-0x2f_2024       3.23%    passed     99.87%
  11  A_DELIM-0x2f_pig_DELIM-0x2f_OR_DELIM-0x2f_24-031264-004-combined_DELIM-0x2f_2024           3.23%    passed     99.90%
  12  A_DELIM-0x2f_goose_DELIM-0x2f_OR_DELIM-0x2f_24-031478-002-original_DELIM-0x2f_2024         3.23%    passed     99.80%
  13  A_DELIM-0x2f_Duck_DELIM-0x2f_OR_DELIM-0x2f_24-037944-001-original_DELIM-0x2f_2024          3.23%    passed     99.99%
  14  A_DELIM-0x2f_goose_DELIM-0x2f_WA_DELIM-0x2f_24-033829-001-original_DELIM-0x2f_2024         3.23%    passed     99.97%
  15  A_DELIM-0x2f_chicken_DELIM-0x2f_WA_DELIM-0x2f_24-034062-001-original_DELIM-0x2f_2024       3.23%    passed     99.76%
  16  A_DELIM-0x2f_chicken_DELIM-0x2f_OR_DELIM-0x2f_24-035148-001-original_DELIM-0x2f_2024       3.23%    passed     85.04%
  17  A_DELIM-0x2f_chicken_DELIM-0x2f_OR_DELIM-0x2f_24-035148-002-original_DELIM-0x2f_2024       3.23%    passed     85.04%
  18  A_DELIM-0x2f_chicken_DELIM-0x2f_WA_DELIM-0x2f_24-031352-001-original_DELIM-0x2f_2024       3.23%    passed     99.54%
  19  A_DELIM-0x2f_chicken_DELIM-0x2f_WA_DELIM-0x2f_24-031352-002-original_DELIM-0x2f_2024       3.23%    passed     99.72%
  20  A_DELIM-0x2f_chicken_DELIM-0x2f_WA_DELIM-0x2f_24-031352-003-original_DELIM-0x2f_2024       3.23%    passed     99.72%
  21  A_DELIM-0x2f_chicken_DELIM-0x2f_OR_DELIM-0x2f_24-037945-001-original_DELIM-0x2f_2024       3.23%    passed     99.99%
  22  A_DELIM-0x2f_chicken_DELIM-0x2f_OR_DELIM-0x2f_24-037945-002-original_DELIM-0x2f_2024       3.23%    passed     99.99%
  23  A_DELIM-0x2f_Washington_DELIM-0x2f_239_DELIM-0x2f_2024                                     2.45%    passed     99.70%
  24  A_DELIM-0x2f_Washington_DELIM-0x2f_254_DELIM-0x2f_2024                                     4.10%    passed     98.91%
  25  A_DELIM-0x2f_Washington_DELIM-0x2f_251_DELIM-0x2f_2024                                     2.39%    passed     99.95%
  26  A_DELIM-0x2f_Washington_DELIM-0x2f_252_DELIM-0x2f_2024                                     3.23%    passed    100.00%
  27  A_DELIM-0x2f_Washington_DELIM-0x2f_253_DELIM-0x2f_2024                                     2.80%    passed    100.00%
  28  A_DELIM-0x2f_Washington_DELIM-0x2f_240_DELIM-0x2f_2024                                     2.49%    passed     99.78%
  29  A_DELIM-0x2f_Washington_DELIM-0x2f_255_DELIM-0x2f_2024                                     1.06%    passed     99.18%
  30  A_DELIM-0x2f_Washington_DELIM-0x2f_UW32495_DELIM-0x2f_2024                                 0.90%    passed     99.73%
  31  A_DELIM-0x2f_junglecrow_DELIM-0x2f_Iwate_DELIM-0x2f_0304I001_DELIM-0x2f_2022               0.37%    passed     85.28%
****  TOTAL                                                                                      2.93%  0 sequences failed composition chi2 test (p-value<5%; df=3)
NOTE: A_DELIM-0x2f_Guineafowl_DELIM-0x2f_WA_DELIM-0x2f_24-030328-002-original_DELIM-0x2f_2024 is identical to A_DELIM-0x2f_Guineafowl_DELIM-0x2f_WA_DELIM-0x2f_24-030328-001-original_DELIM-0x2f_2024 but kept for subsequent analysis
NOTE: A_DELIM-0x2f_chicken_DELIM-0x2f_Washington_DELIM-0x2f_W242850087-2_DELIM-0x2f_2024 is identical to A_DELIM-0x2f_chicken_DELIM-0x2f_Washington_DELIM-0x2f_W242850087-1_DELIM-0x2f_2024 but kept for subsequent analysis
NOTE: A_DELIM-0x2f_chicken_DELIM-0x2f_OR_DELIM-0x2f_24-030904-002-original_DELIM-0x2f_2024 is identical to A_DELIM-0x2f_chicken_DELIM-0x2f_OR_DELIM-0x2f_24-030904-001-original_DELIM-0x2f_2024 but kept for subsequent analysis
NOTE: A_DELIM-0x2f_Peafowl_DELIM-0x2f_OR_DELIM-0x2f_24-031478-001-original_DELIM-0x2f_2024 is identical to A_DELIM-0x2f_Duck_DELIM-0x2f_OR_DELIM-0x2f_24-031478-003-original_DELIM-0x2f_2024 but kept for subsequent analysis
NOTE: A_DELIM-0x2f_chicken_DELIM-0x2f_OR_DELIM-0x2f_24-035148-002-original_DELIM-0x2f_2024 is identical to A_DELIM-0x2f_chicken_DELIM-0x2f_OR_DELIM-0x2f_24-035148-001-original_DELIM-0x2f_2024 but kept for subsequent analysis
NOTE: A_DELIM-0x2f_chicken_DELIM-0x2f_WA_DELIM-0x2f_24-031352-003-original_DELIM-0x2f_2024 is identical to A_DELIM-0x2f_chicken_DELIM-0x2f_WA_DELIM-0x2f_24-031352-002-original_DELIM-0x2f_2024 but kept for subsequent analysis
NOTE: A_DELIM-0x2f_chicken_DELIM-0x2f_OR_DELIM-0x2f_24-037945-002-original_DELIM-0x2f_2024 is identical to A_DELIM-0x2f_chicken_DELIM-0x2f_OR_DELIM-0x2f_24-037945-001-original_DELIM-0x2f_2024 but kept for subsequent analysis
NOTE: 2 identical sequences (see below) will be ignored for subsequent analysis
NOTE: A_DELIM-0x2f_chicken_DELIM-0x2f_WA_DELIM-0x2f_24-030039-001_DELIM-0x2f_2024 (identical to A_DELIM-0x2f_chicken_DELIM-0x2f_Washington_DELIM-0x2f_W242850087-1_DELIM-0x2f_2024) is ignored but added at the end
NOTE: A_DELIM-0x2f_chicken_DELIM-0x2f_WA_DELIM-0x2f_24-030039-002_DELIM-0x2f_2024 (identical to A_DELIM-0x2f_chicken_DELIM-0x2f_Washington_DELIM-0x2f_W242850087-1_DELIM-0x2f_2024) is ignored but added at the end
Alignment was printed to results/h5n1-oregon-washington/genome/aligned-delim.fasta.uniqueseq.phy

For your convenience alignment with unique sequences printed to results/h5n1-oregon-washington/genome/aligned-delim.fasta.uniqueseq.phy

Create initial parsimony tree by phylogenetic likelihood library (PLL)... 0.002 seconds

NOTE: 0 MB RAM (0 GB) is required!
Measuring multi-threading efficiency up to 8 CPU cores
Increase to 10 rounds for branch lengths
8296 trees examined
Threads: 1 / Time: 8.001 sec / Speedup: 1.000 / Efficiency: 100% / LogL: -8515
Threads: 2 / Time: 7.911 sec / Speedup: 1.011 / Efficiency: 51% / LogL: -8515
Threads: 3 / Time: 11.888 sec / Speedup: 0.673 / Efficiency: 22% / LogL: -8515
BEST NUMBER OF THREADS: 1

Estimate model parameters (epsilon = 0.500)
1. Initial log-likelihood: -5971.958
2. Current log-likelihood: -5853.751
3. Current log-likelihood: -5830.768
Optimal log-likelihood: -5830.729
Rate parameters:  A-C: 0.84860  A-G: 6.35779  A-T: 0.93329  C-G: 0.52575  C-T: 10.39985  G-T: 1.00000
Base frequencies:  A: 0.324  C: 0.185  G: 0.241  T: 0.250
Parameters optimization took 3 rounds (0.021 sec)
Wrote distance file to... 
Computing ML distances based on estimated model parameters...
Calculating distance matrix: done in 0.00130887 secs using 96.57% CPU
Computing ML distances took 0.003038 sec (of wall-clock time) 0.001368 sec (of CPU time)
Setting up auxiliary I and S matrices: done in 0.000100401 secs using 95.62% CPU
Computing RapidNJ tree took 0.001499 sec (of wall-clock time) 0.000465 sec (of CPU time)
Log-likelihood of RapidNJ tree: -5835.971
--------------------------------------------------------------------
|             INITIALIZING CANDIDATE TREE SET                      |
--------------------------------------------------------------------

Do NNI search on 2 best initial trees
BETTER TREE FOUND at iteration 1: -5830.729
Finish initializing candidate tree set (4)
Current best tree score: -5830.729 / CPU time: 0.018
Number of iterations: 2
TREE SEARCH COMPLETED AFTER 2 ITERATIONS / Time: 0h:0m:27s

--------------------------------------------------------------------
|                    FINALIZING TREE SEARCH                        |
--------------------------------------------------------------------
Performs final model parameters optimization
Estimate model parameters (epsilon = 0.050)
1. Initial log-likelihood: -5830.729
Optimal log-likelihood: -5830.728
Rate parameters:  A-C: 0.84446  A-G: 6.35809  A-T: 0.92769  C-G: 0.52971  C-T: 10.40040  G-T: 1.00000
Base frequencies:  A: 0.324  C: 0.185  G: 0.241  T: 0.250
Parameters optimization took 1 rounds (0.004 sec)
BEST SCORE FOUND : -5830.728
Total tree length: 0.090

Total number of iterations: 2
CPU time used for tree search: 0.029 sec (0h:0m:0s)
Wall-clock time used for tree search: 0.022 sec (0h:0m:0s)
Total CPU time used: 57.962 sec (0h:0m:57s)
Total wall-clock time used: 27.970 sec (0h:0m:27s)

Analysis results written to: 
  IQ-TREE report:                results/h5n1-oregon-washington/genome/aligned-delim.fasta.iqtree
  Maximum-likelihood tree:       results/h5n1-oregon-washington/genome/aligned-delim.fasta.treefile
  Likelihood distances:          results/h5n1-oregon-washington/genome/aligned-delim.fasta.mldist
  Screen log file:               results/h5n1-oregon-washington/genome/aligned-delim.fasta.log

Date and Time: Fri Mar  7 11:54:15 2025
